=== 코드 사전 분석 ===
(주)신원씨케이: wh=1건, gaps=0 → 정규직 가능성 높음: work_history 1건 연속 + 프로젝트 간 단절 없음
대우조선해양건설(주): wh=1건, gaps=2 → 정규직 가능성 높음: work_history 1건 연속 (프로젝트 간 공백은 본사 대기로 추정)
대흥건설(주): wh=1건, gaps=0 → 정규직 가능성 높음: work_history 1건 연속 + 프로젝트 간 단절 없음
경남기업: wh=0건, gaps=0 → 경력증명서에 해당 회사 근무 이력 없음 (이력서만 있는 경력)

=== AI 판정 결과 ===
#1 (주)신원씨케이: regular
  사유: Phase B-2 적용. 코드 사전 분석 결과 해당 회사의 work_history가 1건으로 연속되며, 설계부 본사 근무로 정규직 가능성이 매우 높음.
#2 대우조선해양건설(주): regular
  사유: Phase B-2 적용. 대우조선해양건설(주)에서 2006년부터 2022년까지 장기 근무하였으며, 코드 사전 분석 결과 work_history가 1건으로 연속됨. 프로젝트 간 공백은 정규직의 본사 대기 기간으로 판단됨.
#3 대우조선해양건설(주): regular
  사유: Phase B-2 적용. 대우조선해양건설(주) 장기 근속 및 work_history 연속성 확인.
#4 대우조선해양건설(주): regular
  사유: Phase B-2 적용. 대우조선해양건설(주) 장기 근속 및 work_history 연속성 확인.
#5 대우조선해양건설(주): regular
  사유: Phase B-2 적용. 대우조선해양건설(주) 장기 근속 및 work_history 연속성 확인.
#6 대우조선해양건설(주): regular
  사유: Phase B-2 적용. 대우조선해양건설(주) 장기 근속 및 work_history 연속성 확인.
#7 대우조선해양건설(주): regular
  사유: Phase B-2 적용. 대우조선해양건설(주) 장기 근속 및 work_history 연속성 확인.
#8 대우조선해양건설(주): regular
  사유: Phase B-2 적용. 대우조선해양건설(주) 장기 근속 및 work_history 연속성 확인.
#9 대우조선해양건설(주): regular
  사유: Phase B-2 적용. 대우조선해양건설(주) 장기 근속 및 work_history 연속성 확인.
#10 대우조선해양건설(주): regular
  사유: Phase B-2 적용. 대우조선해양건설(주) 장기 근속 및 work_history 연속성 확인.
#11 대우조선해양건설(주): regular
  사유: Phase B-2 적용. 대우조선해양건설(주) 장기 근속 및 work_history 연속성 확인.
#12 대우조선해양건설(주): regular
  사유: Phase B-2 적용. 대우조선해양건설(주) 장기 근속 및 work_history 연속성 확인.
#13 대우조선해양건설(주): regular
  사유: Phase B-2 적용. 대우조선해양건설(주) 장기 근속 및 work_history 연속성 확인.
#14 대우조선해양건설(주): regular
  사유: Phase B-2 적용. 대우조선해양건설(주) 장기 근속 및 work_history 연속성 확인.
#15 대우조선해양건설(주): regular
  사유: Phase B-2 적용. 대우조선해양건설(주) 장기 근속 및 work_history 연속성 확인.
#16 대우조선해양건설(주): regular
  사유: Phase B-2 적용. 대우조선해양건설(주) 장기 근속 및 work_history 연속성 확인.
#17 대흥건설(주): regular
  사유: Phase B-2 적용. 대흥건설(주)에서 동일 프로젝트를 수행하며 기간이 나뉘어 있으나, 코드 사전 분석 결과 work_history가 1건으로 연속되어 정규직 가능성 높음.
#18 대흥건설(주): regular
  사유: Phase B-2 적용. 대흥건설(주) work_history 연속성 및 동일 프로젝트 내 역할 수행.
#19 대흥건설(주): regular
  사유: Phase B-2 적용. 대흥건설(주) work_history 연속성 및 동일 프로젝트 내 유지관리 업무 수행.
#20 경남기업: unknown
  사유: Phase B-3 적용. 경력증명서 미제출 건으로 패턴 분석이 불가하며, 근무 기간이 2개월 미만으로 매우 짧아 고용 형태를 확정할 수 없음.