#1 (주)서원종합건축사사무소: source="both"
#2 (주)서원엔지니어링종합건축사사무소: source="certificate"
#3 (주)서원엔지니어링종합건축사사무소: source="certificate"
#4 희경건설(주): source="certificate"
#5 희경건설(주): source="both"
#6 희경건설(주): source="both"
#7 (주)포스코건설: source="both"
#8 (주)포스코건설: source="both"
#9 (주)포스코건설: source="both"
#10 (주)포스코건설: source="both"
#11 (주)포스코건설: source="both"
#12 (주)포스코건설: source="certificate"
#13 (주)포스코건설: source="both"
#14 대림산업(주): source="both"
#15 대림산업(주): source="both"
#16 디엘(주): source="both"
#17 디엘이앤씨(주): source="certificate"
#18 디엘이앤씨(주): source="certificate"
#19 디엘이앤씨(주): source="both"
#20 디엘이앤씨(주): source="certificate"