=== merge API 도급순위 보정 ===
#1 (주)신원씨케이 (2005): 도급순위 매칭 없음 → AI값 유지: construction_related
#2 대우조선해양건설(주) (2006): AI=general_outside100 → 코드=general_outside100 (2007년 139위)
#3 대우조선해양건설(주) (2006): AI=general_outside100 → 코드=general_outside100 (2007년 139위)
#4 대우조선해양건설(주) (2007): AI=general_outside100 → 코드=general_outside100 (2007년 139위)
#5 대우조선해양건설(주) (2008): AI=general_outside100 → 코드=general_outside100 (2008년 129위)
#6 대우조선해양건설(주) (2008): AI=general_outside100 → 코드=general_outside100 (2008년 129위)
#7 대우조선해양건설(주) (2008): AI=general_outside100 → 코드=general_outside100 (2008년 129위)
#8 대우조선해양건설(주) (2008): AI=general_outside100 → 코드=general_outside100 (2008년 129위)
#9 대우조선해양건설(주) (2010): AI=general_top100 → 코드=general_top100 (2010년 69위)
#10 대우조선해양건설(주) (2013): AI=general_top100 → 코드=general_top100 (2013년 51위)
#11 대우조선해양건설(주) (2014): AI=general_top100 → 코드=general_top100 (2014년 44위)
#12 대우조선해양건설(주) (2016): AI=general_top100 → 코드=general_top100 (2016년 50위)
#13 대우조선해양건설(주) (2017): AI=general_top100 → 코드=general_top100 (2017년 62위)
#14 대우조선해양건설(주) (2018): AI=general_top100 → 코드=general_top100 (2018년 71위)
#15 대우조선해양건설(주) (2019): AI=general_top100 → 코드=general_top100 (2019년 75위)
#16 대우조선해양건설(주) (2020): AI=general_top100 → 코드=general_top100 (2020년 87위)
#17 대흥건설(주) (2023): AI=general_outside100 → 코드=general_outside100 (2023년 143위)
#18 대흥건설(주) (2023): AI=general_outside100 → 코드=general_outside100 (2023년 143위)
#19 대흥건설(주) (2024): AI=general_top100 → 코드=general_top100 (2024년 96위)
#20 경남기업 (2025): AI=general_top100 → 코드=general_top100 (2025년 59위)